[0119/074905.742:ERROR:directory_reader_win.cc(43)] FindFirstFile: The system cannot find the path specified. (0x3)
[0119/210534.067:ERROR:process_info.cc(359)] UncheckedAllocate
[0119/210534.161:ERROR:process_info.cc(359)] UncheckedAllocate
[0119/211013.246:ERROR:process_info.cc(359)] UncheckedAllocate
[0121/080627.314:ERROR:directory_reader_win.cc(43)] FindFirstFile: The system cannot find the path specified. (0x3)
[0121/143945.595:ERROR:process_info.cc(359)] UncheckedAllocate
[0121/184536.723:ERROR:directory_reader_win.cc(43)] FindFirstFile: The system cannot find the path specified. (0x3)
[0121/212757.275:ERROR:process_info.cc(359)] UncheckedAllocate
[0121/212757.283:ERROR:process_info.cc(359)] UncheckedAllocate
[0121/212816.947:ERROR:process_info.cc(359)] UncheckedAllocate
[0121/212857.597:ERROR:process_info.cc(359)] UncheckedAllocate
[0121/212858.133:ERROR:process_info.cc(359)] UncheckedAllocate
[0121/212900.544:ERROR:process_reader_win.cc(188)] ResumeThread: The parameter is incorrect. (0x57)
[0121/212900.545:ERROR:process_reader_win.cc(151)] SuspendThread: Access is denied. (0x5)
[0121/212900.545:ERROR:process_reader_win.cc(151)] SuspendThread: Access is denied. (0x5)
[0121/212900.545:ERROR:process_reader_win.cc(151)] SuspendThread: Access is denied. (0x5)
[0121/212900.545:ERROR:process_reader_win.cc(151)] SuspendThread: Access is denied. (0x5)
[0121/212900.545:ERROR:process_reader_win.cc(151)] SuspendThread: Access is denied. (0x5)
[0121/212900.545:ERROR:process_reader_win.cc(151)] SuspendThread: Access is denied. (0x5)
[0121/212900.545:ERROR:process_reader_win.cc(151)] SuspendThread: Access is denied. (0x5)
[0121/212900.545:ERROR:process_reader_win.cc(151)] SuspendThread: Access is denied. (0x5)
[0121/212900.545:ERROR:process_reader_win.cc(151)] SuspendThread: Access is denied. (0x5)
[0121/212900.545:ERROR:process_reader_win.cc(151)] SuspendThread: Access is denied. (0x5)
[0121/212900.545:ERROR:process_reader_win.cc(151)] SuspendThread: Access is denied. (0x5)
[0121/212900.545:ERROR:process_reader_win.cc(151)] SuspendThread: Access is denied. (0x5)
[0121/212900.545:ERROR:process_reader_win.cc(151)] SuspendThread: Access is denied. (0x5)
[0121/212900.546:ERROR:exception_snapshot_win.cc(99)] thread ID 20616 not found in process
[0123/082340.400:ERROR:directory_reader_win.cc(43)] FindFirstFile: The system cannot find the path specified. (0x3)
[0123/085544.415:ERROR:process_info.cc(359)] UncheckedAllocate
[0123/090641.693:ERROR:process_info.cc(359)] UncheckedAllocate
[0123/090659.136:ERROR:process_info.cc(359)] UncheckedAllocate
[0123/090701.054:ERROR:process_info.cc(359)] UncheckedAllocate
[0123/095020.343:ERROR:process_info.cc(359)] UncheckedAllocate
[0123/095020.655:ERROR:process_info.cc(359)] UncheckedAllocate
